<?xml version="1.0" encoding="UTF-8"?>
<testng-results ignored="0" total="1" passed="1" failed="0" skipped="0">
  <reporter-output>
  </reporter-output>
  <suite started-at="2023-08-24T10:37:49 UTC" name="Default suite" finished-at="2023-08-24T10:37:49 UTC" duration-ms="33">
    <groups>
    </groups>
    <test started-at="2023-08-24T10:37:49 UTC" name="Default test" finished-at="2023-08-24T10:37:49 UTC" duration-ms="33">
      <class name="com.sportyshoe.api.testcalculationservice">
        <test-method signature="testCalculateTotalPriceWithDiscount()[pri:0, instance:com.sportyshoe.api.testcalculationservice@290222c1]" started-at="2023-08-24T10:37:49 UTC" name="testCalculateTotalPriceWithDiscount" finished-at="2023-08-24T10:37:49 UTC" duration-ms="8" status="PASS">
          <reporter-output>
          </reporter-output>
        </test-method> <!-- testCalculateTotalPriceWithDiscount -->
      </class> <!-- com.sportyshoe.api.testcalculationservice -->
    </test> <!-- Default test -->
  </suite> <!-- Default suite -->
</testng-results>
